2026-01-07 18:14:51 - __main__ - INFO - 20 - Start data cleaning
2026-01-07 18:14:51 - __main__ - INFO - 36 - Config file ../config/cleaning_config.json successfully loaded
2026-01-07 18:14:51 - __main__ - INFO - 42 - Csv file ../data/my_data.csv loaded, 6 columns (['Order ID', 'Product', 'Quantity Ordered', 'Price Each', 'Order Date', 'Purchase Address']), 186850 rows 
2026-01-07 18:14:51 - __main__ - INFO - 62 - Find repeated headers
2026-01-07 18:14:51 - __main__ - INFO - 70 - Found 355 repeated headers rows, 
[131083, 112654, 102425, 124955, 141344, 4138, 75818, 28721, 102454, 108602, 43067, 24641, 57415, 133194, 161868, 47181, 172143, 114812, 59524, 37002, 18594, 12455, 139431, 131241, 61610, 184489, 153778, 51380, 14522, 59581, 18626, 100547, 186563, 20687, 100559, 57561, 78045, 24817, 96500, 119036, 96518, 129288, 186632, 112918, 37146, 102688, 47406, 49468, 74053, 26950, 170324, 51542, 53592, 184666, 80221, 131437, 110961, 186738, 47479, 70010, 31099, 20865, 57736, 149906, 29088, 82340, 111021, 145838, 8635, 184779, 113104, 20951, 92631, 27107, 53731, 170469, 104945, 162292, 33269, 164347, 82428, 82435, 84483, 519, 180743, 139785, 14860, 170511, 86559, 43555, 4645, 123434, 94767, 49720, 129593, 131640, 21051, 154171, 141904, 152145, 168535, 115304, 121453, 121462, 121464, 170617, 125563, 60029, 10885, 94853, 123532, 154271, 141988, 4794, 86722, 119496, 29387, 176843, 10958, 49872, 35537, 178896, 125662, 135908, 109285, 51943, 107242, 97014, 72448, 109313, 31495, 160520, 178954, 154383, 172816, 25370, 6939, 185118, 107295, 117537, 49974, 17208, 172856, 2878, 117568, 78661, 146250, 185164, 2893, 80717, 35687, 107370, 78708, 80763, 54142, 119679, 37761, 127873, 80783, 148373, 25503, 160671, 17324, 109486, 15280, 166833, 170929, 50103, 17339, 41916, 144319, 27596, 109519, 121807, 27602, 41939, 140246, 3036, 142302, 152548, 9189, 175088, 121844, 130041, 130047, 62468, 70662, 11272, 68620, 113676, 142352, 42010, 99368, 68649, 91178, 78894, 13362, 138296, 76858, 126010, 80956, 166976, 85068, 119889, 128103, 9329, 87155, 181368, 1149, 1155, 68741, 93320, 3209, 70794, 93325, 78990, 140441, 126111, 89259, 83126, 5303, 87229, 160967, 183502, 81103, 185551, 38098, 171225, 19674, 89307, 52448, 105696, 107748, 58602, 21739, 130303, 50435, 136452, 150791, 58639, 140560, 118033, 58653, 38175, 179487, 156965, 144687, 34102, 159033, 54586, 95559, 7497, 159050, 17744, 19795, 27988, 75091, 54616, 173402, 62812, 19810, 11619, 167273, 97659, 34187, 138643, 85398, 134551, 60826, 34206, 73140, 85430, 118218, 75221, 107991, 112090, 11742, 67039, 157173, 71159, 58871, 138744, 183808, 11778, 71170, 110083, 124425, 85520, 136723, 112148, 50712, 85530, 87579, 26140, 126494, 52769, 3618, 85549, 153138, 99892, 58937, 161352, 116302, 38488, 149084, 95838, 11874, 138850, 50792, 173673, 134780, 147069, 95870, 106127, 20112, 91799, 56994, 163496, 155306, 147122, 26292, 102084, 14022, 106193, 95970, 42730, 9973, 50943, 139015, 136994, 171810, 34612, 69444, 89951, 81764, 40811, 46967, 49042, 42910, 85920, 130982, 28600, 30648, 143301, 59342, 149456, 118744, 85977, 143326, 163808, 155618, 172006, 79849, 139253, 112636]
2026-01-07 18:14:51 - __main__ - INFO - 77 - Find empty rows
2026-01-07 18:14:52 - __main__ - INFO - 84 - Found 545 empty rows (0.3%), 
[1, 51205, 40968, 51208, 118794, 172041, 10252, 108560, 122896, 110613, 116757, 184341, 155673, 75802, 75804, 79901, 129054, 161823, 77869, 137262, 184366, 159792, 182320, 49204, 53300, 84047, 14416, 184401, 86100, 159832, 184408, 116826, 53339, 114783, 118879, 145504, 82026, 61547, 53356, 149611, 92271, 77945, 168062, 39046, 65674, 57484, 159884, 22671, 39057, 41111, 129180, 22687, 45225, 96434, 41139, 121011, 123059, 186548, 4279, 123063, 108730, 96447, 57538, 6339, 90306, 28879, 92376, 2265, 102617, 184546, 174307, 94437, 127211, 110829, 125166, 24824, 59640, 96505, 143611, 180473, 141566, 51459, 37125, 18695, 35085, 153870, 168205, 168215, 100637, 6430, 153887, 55586, 84259, 153895, 112936, 164139, 110892, 172332, 155954, 22837, 106805, 16700, 31042, 74051, 112966, 90441, 74064, 117078, 16727, 82269, 12639, 31074, 356, 35177, 76143, 162160, 35186, 16763, 119166, 55680, 55683, 49540, 182659, 145798, 76170, 61836, 164239, 24984, 176547, 106916, 96679, 29097, 86445, 39345, 158132, 160181, 160183, 27066, 96699, 8639, 137668, 137670, 53703, 186826, 10699, 117199, 4562, 80338, 154071, 176600, 78297, 80348, 43487, 139745, 43493, 158189, 121328, 94707, 176629, 164348, 35330, 184836, 12805, 59914, 16912, 23061, 156181, 109088, 104993, 129571, 21031, 170535, 72236, 29247, 37439, 88640, 27202, 57923, 29257, 21068, 178766, 12883, 25175, 39513, 6752, 92777, 43632, 68211, 94835, 172664, 68225, 100994, 43654, 49816, 33438, 127646, 148126, 166558, 172704, 17060, 113317, 45740, 27312, 137905, 150196, 185017, 58043, 8896, 15041, 125639, 13000, 133844, 735, 156391, 60140, 2798, 154351, 176883, 68344, 135931, 170749, 115456, 164613, 88842, 185100, 107277, 103186, 107306, 99122, 13110, 144183, 164663, 92990, 68423, 84809, 148307, 179029, 152407, 185176, 4958, 123744, 119650, 133986, 33636, 115557, 162659, 95087, 166768, 80764, 41855, 93056, 62353, 58259, 76691, 181148, 41885, 72608, 148410, 170939, 70594, 125892, 179141, 93129, 37835, 3024, 62418, 41941, 154588, 162781, 154593, 170977, 70629, 33767, 179179, 82927, 97267, 103412, 44022, 48120, 7163, 21502, 37893, 11278, 80917, 33816, 3098, 113691, 87069, 130077, 31779, 173093, 17446, 168999, 80942, 158771, 160834, 9286, 64585, 156749, 150612, 78936, 107609, 136285, 185438, 97392, 50290, 85106, 50292, 33910, 54390, 171127, 66683, 115836, 181376, 140421, 31889, 156818, 19605, 171161, 134299, 27804, 93345, 91303, 130217, 179372, 136365, 124080, 11442, 42162, 21693, 103613, 111805, 150727, 36044, 179417, 130267, 122079, 64736, 48354, 148708, 68846, 13556, 38132, 175362, 58629, 148743, 132369, 11540, 128283, 9501, 25890, 150819, 183599, 46385, 83253, 17718, 93498, 13627, 93502, 93508, 46405, 159045, 48456, 165201, 66899, 99668, 23902, 50528, 99692, 34157, 122227, 116084, 144755, 91511, 9592, 77178, 62845, 144770, 9604, 50566, 7572, 183703, 1433, 144794, 77211, 163226, 73117, 66979, 9642, 69038, 136622, 79286, 155067, 99772, 5565, 118205, 73154, 36296, 130504, 83402, 52689, 91601, 34259, 52694, 136664, 71131, 85469, 7648, 11746, 9699, 28132, 136680, 153065, 103914, 24043, 173553, 9714, 179697, 130562, 58891, 1553, 112146, 116256, 1571, 149028, 71206, 81447, 124454, 169516, 177720, 83513, 179770, 15934, 97859, 104014, 83538, 122452, 165464, 165476, 11881, 124530, 79478, 175738, 69246, 75402, 157340, 77469, 155294, 136868, 56999, 100011, 181936, 130737, 44723, 83635, 38584, 126649, 186042, 143036, 89790, 57028, 9928, 116424, 42710, 34519, 26328, 108247, 124634, 36572, 26335, 138977, 120547, 161512, 89839, 116465, 151283, 38645, 165625, 141051, 63237, 46854, 108293, 32523, 104208, 77585, 169750, 120600, 14115, 177959, 42794, 79660, 180016, 61235, 42804, 161590, 175940, 165701, 106310, 149318, 61257, 134986, 40780, 91980, 59214, 132941, 89938, 12116, 55124, 104281, 32614, 139110, 173928, 153451, 104300, 167798, 42872, 126850, 73603, 85891, 24457, 143250, 137111, 67484, 40883, 104373, 126909, 30658, 57285, 1992, 42955, 94155, 124875, 139211, 139217, 81881, 51163, 83931, 6109, 184288, 6119, 155623, 137193, 167919, 102396, 161791]
2026-01-07 18:14:52 - __main__ - INFO - 91 - Find duplicate rows
2026-01-07 18:14:52 - __main__ - INFO - 98 - Found 264 duplicated rows (0.1%), 
[39936, 129031, 128522, 67085, 179731, 124437, 173079, 140312, 22556, 31, 138271, 60961, 29220, 37924, 152104, 89129, 23084, 100908, 80944, 50225, 92721, 139826, 59957, 109111, 118839, 108601, 103997, 113213, 140349, 41024, 59968, 30274, 19011, 28227, 98369, 11334, 12871, 142405, 122953, 164424, 29259, 28238, 156238, 41552, 58448, 75856, 88145, 111186, 57429, 113750, 85591, 33880, 28761, 134745, 58460, 88157, 56928, 61536, 6242, 170080, 4196, 83046, 39530, 184940, 162415, 50288, 30834, 74354, 155764, 113274, 177277, 4734, 137858, 105604, 63622, 55943, 92297, 186508, 5773, 73358, 144527, 55953, 120467, 1684, 49301, 51861, 113812, 121496, 183958, 25756, 50846, 81054, 145056, 20643, 55972, 115876, 43174, 143014, 112296, 160935, 9899, 76974, 40626, 24755, 43700, 26805, 76470, 158390, 96953, 82618, 152252, 166589, 126654, 29889, 41154, 137412, 108229, 144581, 100551, 94920, 96971, 7372, 175822, 130767, 171218, 103128, 161497, 100059, 3805, 48350, 41183, 102624, 112351, 125149, 148706, 35044, 161505, 43239, 41707, 82158, 76017, 162033, 142068, 33525, 64245, 93944, 175185, 56059, 140027, 151291, 170235, 183554, 81157, 35080, 41736, 17164, 28428, 39692, 140557, 81680, 143119, 18194, 35090, 118546, 173327, 1302, 80150, 4376, 160025, 168733, 152358, 4906, 163119, 85299, 173367, 174394, 101179, 186173, 140610, 134467, 115012, 68422, 170312, 48971, 184140, 100687, 109393, 112466, 9044, 14677, 147798, 150872, 44377, 106329, 166232, 8540, 176986, 93025, 4450, 56675, 110948, 36714, 150891, 19308, 170346, 177003, 163185, 108914, 182647, 115064, 98169, 14202, 45948, 88956, 138109, 32129, 44418, 83332, 128395, 107405, 25998, 30094, 110478, 131983, 168338, 84375, 138138, 172957, 186782, 56735, 168863, 75681, 42402, 142755, 186785, 121766, 96761, 161201, 51634, 117180, 33216, 146882, 157123, 182722, 36805, 157639, 174025, 76237, 147405, 61391, 80850, 160218, 99292, 33771, 129003, 182255, 53746, 86004, 6646, 38904, 71673, 44027, 181246, 163839]
2026-01-07 18:14:52 - __main__ - INFO - 108 - Correct column data types
2026-01-07 18:14:52 - __main__ - INFO - 110 - Data types before:
Order ID            object
Product             object
Quantity Ordered    object
Price Each          object
Order Date          object
Purchase Address    object
dtype: object
2026-01-07 18:14:52 - __main__ - INFO - 118 - Order ID converted to int32
2026-01-07 18:14:52 - __main__ - INFO - 142 - Product converted to str
2026-01-07 18:14:52 - __main__ - INFO - 118 - Quantity Ordered converted to int32
2026-01-07 18:14:52 - __main__ - INFO - 126 - Price Each converted to float64
2026-01-07 18:14:52 - __main__ - INFO - 134 - Order Date converted to datetime
2026-01-07 18:14:52 - __main__ - INFO - 142 - Purchase Address converted to str
2026-01-07 18:14:52 - __main__ - INFO - 144 - Data types after correction:
Order ID                     int32
Product                     object
Quantity Ordered             int32
Price Each                 float64
Order Date          datetime64[ns]
Purchase Address            object
dtype: object
2026-01-07 18:14:58 - __main__ - INFO - 158 - Report for original data saved in ../reports/report_original.html
2026-01-07 18:15:01 - __main__ - INFO - 163 - Report for cleaned data saved in ../reports/report_cleaned.html
2026-01-07 18:15:02 - __main__ - INFO - 151 - File ../data/my_cleaned_data.csv saved, 6 columns (['Order ID', 'Product', 'Quantity Ordered', 'Price Each', 'Order Date', 'Purchase Address']), 186850 rows
