2026-01-15 23:22:45 - uvicorn.error - INFO - 322 - Will watch for changes in these directories: ['C:\\Users\\marku\\OneDrive - WBSEDU\\Attachments\\09_IEDSCLD_Cloud für Data Science\\Repo\\CLD15MarkusRepo\\01_Projects\\04_Final_Project\\backend']
2026-01-15 23:22:45 - uvicorn.error - INFO - 543 - Uvicorn running on http://127.0.0.1:8000 (Press CTRL+C to quit)
2026-01-15 23:22:45 - uvicorn.error - INFO - 79 - Started reloader process [19720] using WatchFiles
2026-01-15 23:25:39 - uvicorn.error - WARNING - 54 - WatchFiles detected changes in 'app.py'. Reloading...
2026-01-15 23:25:53 - uvicorn.error - WARNING - 54 - WatchFiles detected changes in 'app.py'. Reloading...
2026-01-15 23:32:16 - uvicorn.error - INFO - 115 - Stopping reloader process [19720]
2026-01-15 23:32:19 - uvicorn.error - INFO - 322 - Will watch for changes in these directories: ['C:\\Users\\marku\\OneDrive - WBSEDU\\Attachments\\09_IEDSCLD_Cloud für Data Science\\Repo\\CLD15MarkusRepo\\01_Projects\\04_Final_Project\\backend']
2026-01-15 23:32:19 - uvicorn.error - INFO - 543 - Uvicorn running on http://127.0.0.1:8000 (Press CTRL+C to quit)
2026-01-15 23:32:19 - uvicorn.error - INFO - 79 - Started reloader process [26200] using WatchFiles
2026-01-15 23:33:15 - uvicorn.error - WARNING - 54 - WatchFiles detected changes in 'load_iris_data.py'. Reloading...
2026-01-15 23:34:38 - uvicorn.error - WARNING - 54 - WatchFiles detected changes in 'app.py'. Reloading...
2026-01-15 23:34:40 - root - ERROR - 81 - Requesting http://api.openweathermap.org/geo/1.0/direct?q=Berlin&limit=3&appid=f7a540b3c1586c4892831781df660bb1
2026-01-15 23:34:52 - uvicorn.error - WARNING - 54 - WatchFiles detected changes in 'app.py'. Reloading...
2026-01-15 23:34:55 - uvicorn.error - WARNING - 54 - WatchFiles detected changes in 'app.py'. Reloading...
2026-01-15 23:35:08 - uvicorn.error - WARNING - 54 - WatchFiles detected changes in 'app.py'. Reloading...
2026-01-15 23:37:36 - uvicorn.error - WARNING - 54 - WatchFiles detected changes in 'app.py'. Reloading...
2026-01-15 23:37:44 - root - INFO - 81 - Requesting http://api.openweathermap.org/geo/1.0/direct?q=Berlin&limit=3&appid=f7a540b3c1586c4892831781df660bb1
2026-01-15 23:37:44 - root - INFO - 94 - Got coordinates for Berlin as Berlin: Longitude: 13.3888599, Latitude: 52.5170365
2026-01-15 23:37:49 - uvicorn.error - WARNING - 54 - WatchFiles detected changes in 'app.py'. Reloading...
2026-01-15 23:38:08 - root - INFO - 81 - Requesting http://api.openweathermap.org/geo/1.0/direct?q=Berlin&limit=3&appid=f7a540b3c1586c4892831781df660bb1
2026-01-15 23:38:08 - root - INFO - 94 - Got coordinates for Berlin as Berlin: Longitude: 13.3888599, Latitude: 52.5170365
2026-01-15 23:38:49 - uvicorn.error - WARNING - 54 - WatchFiles detected changes in 'app.py'. Reloading...
2026-01-15 23:38:51 - root - INFO - 81 - Requesting http://api.openweathermap.org/geo/1.0/direct?q=Berlin&limit=3&appid=f7a540b3c1586c4892831781df660bb1
2026-01-15 23:38:51 - root - INFO - 94 - Got coordinates for Berlin as Berlin: Longitude: 13.3888599, Latitude: 52.5170365
2026-01-15 23:39:03 - uvicorn.error - WARNING - 54 - WatchFiles detected changes in 'app.py'. Reloading...
2026-01-15 23:39:25 - uvicorn.error - WARNING - 54 - WatchFiles detected changes in 'app.py'. Reloading...
2026-01-15 23:39:27 - root - INFO - 81 - Requesting http://api.openweathermap.org/geo/1.0/direct?q=Berlin&limit=3&appid=f7a540b3c1586c4892831781df660bb1
2026-01-15 23:39:27 - root - INFO - 94 - Got coordinates for Berlin as Berlin: Longitude: 13.3888599, Latitude: 52.5170365
2026-01-15 23:39:31 - root - INFO - 81 - Requesting http://api.openweathermap.org/geo/1.0/direct?q=Berlin&limit=3&appid=f7a540b3c1586c4892831781df660bb1
2026-01-15 23:39:31 - root - INFO - 94 - Got coordinates for Berlin as Berlin: Longitude: 13.3888599, Latitude: 52.5170365
2026-01-15 23:39:38 - uvicorn.error - WARNING - 54 - WatchFiles detected changes in 'app.py'. Reloading...
2026-01-15 23:39:55 - root - INFO - 81 - Requesting http://api.openweathermap.org/geo/1.0/direct?q=Berlin&limit=3&appid=f7a540b3c1586c4892831781df660bb1
2026-01-15 23:39:56 - root - INFO - 94 - Got coordinates for Berlin as Berlin: Longitude: 13.3888599, Latitude: 52.5170365
2026-01-15 23:40:11 - root - INFO - 81 - Requesting http://api.openweathermap.org/geo/1.0/direct?q=Göttingen&limit=3&appid=f7a540b3c1586c4892831781df660bb1
2026-01-15 23:40:11 - root - INFO - 94 - Got coordinates for Göttingen as Göttingen: Longitude: 9.9351811, Latitude: 51.5328328
2026-01-15 23:40:31 - root - INFO - 81 - Requesting http://api.openweathermap.org/geo/1.0/direct?q=Göttingen&limit=3&appid=f7a540b3c1586c4892831781df660bb1
2026-01-15 23:40:31 - root - INFO - 94 - Got coordinates for Göttingen as Göttingen: Longitude: 9.9351811, Latitude: 51.5328328
2026-01-15 23:44:18 - root - INFO - 81 - Requesting http://api.openweathermap.org/geo/1.0/direct?q=Göttingen&limit=3&appid=f7a540b3c1586c4892831781df660bb1
2026-01-15 23:44:18 - root - INFO - 94 - Got coordinates for Göttingen as Göttingen: Longitude: 9.9351811, Latitude: 51.5328328
2026-01-15 23:47:04 - root - INFO - 81 - Requesting http://api.openweathermap.org/geo/1.0/direct?q=Göttingen&limit=3&appid=f7a540b3c1586c4892831781df660bb1
2026-01-15 23:47:04 - root - INFO - 94 - Got coordinates for Göttingen as Göttingen: Longitude: 9.9351811, Latitude: 51.5328328
2026-01-15 23:50:09 - root - INFO - 81 - Requesting http://api.openweathermap.org/geo/1.0/direct?q=Göttingen&limit=3&appid=f7a540b3c1586c4892831781df660bb1
2026-01-15 23:50:09 - root - INFO - 94 - Got coordinates for Göttingen as Göttingen: Longitude: 9.9351811, Latitude: 51.5328328
2026-01-15 23:51:04 - root - INFO - 81 - Requesting http://api.openweathermap.org/geo/1.0/direct?q=Göttingen&limit=3&appid=f7a540b3c1586c4892831781df660bb1
2026-01-15 23:51:04 - root - INFO - 94 - Got coordinates for Göttingen as Göttingen: Longitude: 9.9351811, Latitude: 51.5328328
2026-01-15 23:51:29 - root - INFO - 81 - Requesting http://api.openweathermap.org/geo/1.0/direct?q= Berlin&limit=3&appid=f7a540b3c1586c4892831781df660bb1
2026-01-15 23:51:29 - root - INFO - 94 - Got coordinates for  Berlin as Berlin: Longitude: 13.3888599, Latitude: 52.5170365
2026-01-15 23:55:01 - uvicorn.error - WARNING - 54 - WatchFiles detected changes in 'app.py'. Reloading...
2026-01-15 23:55:18 - uvicorn.error - WARNING - 54 - WatchFiles detected changes in 'app.py'. Reloading...
2026-01-16 00:03:54 - uvicorn.error - WARNING - 54 - WatchFiles detected changes in 'app.py'. Reloading...
2026-01-16 00:04:07 - uvicorn.error - WARNING - 54 - WatchFiles detected changes in 'app.py'. Reloading...
2026-01-16 00:05:15 - uvicorn.error - WARNING - 54 - WatchFiles detected changes in 'app.py'. Reloading...
2026-01-16 00:05:28 - uvicorn.error - WARNING - 54 - WatchFiles detected changes in 'app.py'. Reloading...
2026-01-16 00:18:04 - uvicorn.error - WARNING - 54 - WatchFiles detected changes in 'app.py'. Reloading...
2026-01-16 00:18:19 - uvicorn.error - WARNING - 54 - WatchFiles detected changes in 'app.py'. Reloading...
2026-01-16 00:21:41 - uvicorn.error - WARNING - 54 - WatchFiles detected changes in 'app.py'. Reloading...
2026-01-16 00:21:54 - uvicorn.error - WARNING - 54 - WatchFiles detected changes in 'app.py'. Reloading...
2026-01-16 00:22:44 - uvicorn.error - WARNING - 54 - WatchFiles detected changes in 'app.py'. Reloading...
2026-01-16 00:22:58 - uvicorn.error - WARNING - 54 - WatchFiles detected changes in 'app.py'. Reloading...
2026-01-16 00:27:00 - uvicorn.error - WARNING - 54 - WatchFiles detected changes in 'app.py'. Reloading...
2026-01-16 00:27:14 - uvicorn.error - WARNING - 54 - WatchFiles detected changes in 'app.py'. Reloading...
2026-01-16 00:29:51 - uvicorn.error - WARNING - 54 - WatchFiles detected changes in 'app.py'. Reloading...
2026-01-16 00:30:05 - uvicorn.error - WARNING - 54 - WatchFiles detected changes in 'app.py'. Reloading...
2026-01-16 00:30:32 - uvicorn.error - WARNING - 54 - WatchFiles detected changes in 'app.py'. Reloading...
2026-01-16 00:30:46 - uvicorn.error - WARNING - 54 - WatchFiles detected changes in 'app.py'. Reloading...
2026-01-16 00:32:31 - uvicorn.error - WARNING - 54 - WatchFiles detected changes in 'app.py'. Reloading...
2026-01-16 00:32:45 - uvicorn.error - WARNING - 54 - WatchFiles detected changes in 'app.py'. Reloading...
2026-01-16 00:33:00 - uvicorn.error - WARNING - 54 - WatchFiles detected changes in 'app.py'. Reloading...
2026-01-16 00:33:13 - uvicorn.error - WARNING - 54 - WatchFiles detected changes in 'app.py'. Reloading...
2026-01-16 00:34:06 - uvicorn.error - WARNING - 54 - WatchFiles detected changes in 'app.py'. Reloading...
2026-01-16 00:34:19 - uvicorn.error - WARNING - 54 - WatchFiles detected changes in 'app.py'. Reloading...
2026-01-16 00:36:49 - uvicorn.error - WARNING - 54 - WatchFiles detected changes in 'app.py'. Reloading...
2026-01-16 00:37:03 - uvicorn.error - WARNING - 54 - WatchFiles detected changes in 'app.py'. Reloading...
2026-01-16 00:40:12 - uvicorn.error - WARNING - 54 - WatchFiles detected changes in 'app.py'. Reloading...
2026-01-16 00:40:25 - uvicorn.error - WARNING - 54 - WatchFiles detected changes in 'app.py'. Reloading...
2026-01-16 00:42:30 - uvicorn.error - WARNING - 54 - WatchFiles detected changes in 'app.py'. Reloading...
2026-01-16 00:42:43 - uvicorn.error - WARNING - 54 - WatchFiles detected changes in 'app.py'. Reloading...
2026-01-16 00:48:50 - uvicorn.error - WARNING - 54 - WatchFiles detected changes in 'test.py'. Reloading...
2026-01-16 00:48:52 - uvicorn.error - WARNING - 54 - WatchFiles detected changes in 'test.py'. Reloading...
2026-01-16 00:49:31 - uvicorn.error - WARNING - 54 - WatchFiles detected changes in 'test.py', 'app.py'. Reloading...
2026-01-16 00:49:44 - uvicorn.error - WARNING - 54 - WatchFiles detected changes in 'test.py', 'app.py'. Reloading...
2026-01-16 00:49:49 - uvicorn.error - WARNING - 54 - WatchFiles detected changes in 'test.py'. Reloading...
2026-01-16 00:50:02 - uvicorn.error - WARNING - 54 - WatchFiles detected changes in 'test.py'. Reloading...
2026-01-16 00:50:28 - uvicorn.error - WARNING - 54 - WatchFiles detected changes in 'test.py'. Reloading...
2026-01-16 00:50:47 - uvicorn.error - WARNING - 54 - WatchFiles detected changes in 'test.py'. Reloading...
2026-01-16 00:52:47 - uvicorn.error - WARNING - 54 - WatchFiles detected changes in 'test.py'. Reloading...
2026-01-16 00:52:55 - uvicorn.error - WARNING - 54 - WatchFiles detected changes in 'test.py'. Reloading...
2026-01-16 00:53:13 - uvicorn.error - WARNING - 54 - WatchFiles detected changes in 'test.py'. Reloading...
2026-01-16 00:53:32 - uvicorn.error - WARNING - 54 - WatchFiles detected changes in 'test.py'. Reloading...
2026-01-16 00:53:45 - uvicorn.error - WARNING - 54 - WatchFiles detected changes in 'test.py'. Reloading...
2026-01-16 00:54:58 - uvicorn.error - WARNING - 54 - WatchFiles detected changes in 'test.py'. Reloading...
2026-01-16 00:55:11 - uvicorn.error - WARNING - 54 - WatchFiles detected changes in 'test.py'. Reloading...
2026-01-16 00:55:49 - uvicorn.error - WARNING - 54 - WatchFiles detected changes in 'test.py'. Reloading...
2026-01-16 00:56:03 - uvicorn.error - WARNING - 54 - WatchFiles detected changes in 'test.py'. Reloading...
2026-01-16 00:56:06 - uvicorn.error - WARNING - 54 - WatchFiles detected changes in 'test.py'. Reloading...
2026-01-16 00:56:20 - uvicorn.error - WARNING - 54 - WatchFiles detected changes in 'test.py'. Reloading...
2026-01-16 00:56:51 - uvicorn.error - WARNING - 54 - WatchFiles detected changes in 'test.py'. Reloading...
2026-01-16 00:57:04 - uvicorn.error - WARNING - 54 - WatchFiles detected changes in 'test.py'. Reloading...
2026-01-16 00:57:05 - uvicorn.error - WARNING - 54 - WatchFiles detected changes in 'test.py'. Reloading...
2026-01-16 00:57:18 - uvicorn.error - WARNING - 54 - WatchFiles detected changes in 'test.py'. Reloading...
2026-01-16 00:57:30 - uvicorn.error - WARNING - 54 - WatchFiles detected changes in 'test.py'. Reloading...
2026-01-16 00:57:43 - uvicorn.error - WARNING - 54 - WatchFiles detected changes in 'test.py'. Reloading...
2026-01-16 00:58:11 - uvicorn.error - WARNING - 54 - WatchFiles detected changes in 'app.py'. Reloading...
2026-01-16 00:58:25 - uvicorn.error - WARNING - 54 - WatchFiles detected changes in 'app.py'. Reloading...
2026-01-16 00:59:01 - uvicorn.error - WARNING - 54 - WatchFiles detected changes in 'test.py', 'app.py'. Reloading...
2026-01-16 00:59:15 - uvicorn.error - WARNING - 54 - WatchFiles detected changes in 'test.py', 'app.py'. Reloading...
2026-01-16 00:59:33 - uvicorn.error - WARNING - 54 - WatchFiles detected changes in 'test.py'. Reloading...
2026-01-16 00:59:40 - uvicorn.error - WARNING - 54 - WatchFiles detected changes in 'test.py'. Reloading...
2026-01-16 00:59:59 - uvicorn.error - WARNING - 54 - WatchFiles detected changes in 'test.py'. Reloading...
2026-01-16 01:00:06 - uvicorn.error - WARNING - 54 - WatchFiles detected changes in 'test.py'. Reloading...
2026-01-16 01:00:20 - uvicorn.error - WARNING - 54 - WatchFiles detected changes in 'test.py'. Reloading...
2026-01-16 01:00:25 - uvicorn.error - WARNING - 54 - WatchFiles detected changes in 'test.py'. Reloading...
2026-01-16 01:00:45 - uvicorn.error - WARNING - 54 - WatchFiles detected changes in 'test.py'. Reloading...
2026-01-16 01:02:19 - uvicorn.error - WARNING - 54 - WatchFiles detected changes in 'test.py'. Reloading...
2026-01-16 01:02:32 - uvicorn.error - WARNING - 54 - WatchFiles detected changes in 'test.py'. Reloading...
2026-01-16 01:03:26 - uvicorn.error - WARNING - 54 - WatchFiles detected changes in 'test.py'. Reloading...
2026-01-16 01:03:39 - uvicorn.error - WARNING - 54 - WatchFiles detected changes in 'test.py'. Reloading...
2026-01-16 01:04:05 - uvicorn.error - WARNING - 54 - WatchFiles detected changes in 'test.py'. Reloading...
2026-01-16 01:04:18 - uvicorn.error - WARNING - 54 - WatchFiles detected changes in 'test.py'. Reloading...
2026-01-16 01:04:29 - uvicorn.error - WARNING - 54 - WatchFiles detected changes in 'test.py'. Reloading...
2026-01-16 01:04:42 - uvicorn.error - WARNING - 54 - WatchFiles detected changes in 'test.py'. Reloading...
2026-01-16 01:07:43 - uvicorn.error - WARNING - 54 - WatchFiles detected changes in 'test.py'. Reloading...
2026-01-16 01:07:53 - uvicorn.error - WARNING - 54 - WatchFiles detected changes in 'test.py'. Reloading...
2026-01-16 01:08:09 - uvicorn.error - WARNING - 54 - WatchFiles detected changes in 'test.py'. Reloading...
2026-01-16 01:10:41 - uvicorn.error - WARNING - 54 - WatchFiles detected changes in 'test.py'. Reloading...
2026-01-16 01:10:53 - uvicorn.error - WARNING - 54 - WatchFiles detected changes in 'test.py'. Reloading...
2026-01-16 01:11:07 - uvicorn.error - WARNING - 54 - WatchFiles detected changes in 'test.py'. Reloading...
2026-01-16 01:11:53 - uvicorn.error - WARNING - 54 - WatchFiles detected changes in 'test.py'. Reloading...
2026-01-16 01:12:06 - uvicorn.error - WARNING - 54 - WatchFiles detected changes in 'test.py'. Reloading...
2026-01-16 01:12:33 - uvicorn.error - WARNING - 54 - WatchFiles detected changes in 'test.py'. Reloading...
2026-01-16 01:12:46 - uvicorn.error - WARNING - 54 - WatchFiles detected changes in 'test.py'. Reloading...
2026-01-16 01:12:57 - uvicorn.error - WARNING - 54 - WatchFiles detected changes in 'test.py'. Reloading...
2026-01-16 01:13:12 - uvicorn.error - WARNING - 54 - WatchFiles detected changes in 'test.py'. Reloading...
2026-01-16 01:15:58 - uvicorn.error - WARNING - 54 - WatchFiles detected changes in 'app.py'. Reloading...
2026-01-16 01:16:11 - uvicorn.error - WARNING - 54 - WatchFiles detected changes in 'app.py'. Reloading...
2026-01-16 01:17:02 - uvicorn.error - WARNING - 54 - WatchFiles detected changes in 'app.py'. Reloading...
2026-01-16 01:17:16 - uvicorn.error - WARNING - 54 - WatchFiles detected changes in 'app.py'. Reloading...
2026-01-16 01:18:51 - uvicorn.error - WARNING - 54 - WatchFiles detected changes in 'app.py'. Reloading...
2026-01-16 01:19:05 - uvicorn.error - WARNING - 54 - WatchFiles detected changes in 'app.py'. Reloading...
2026-01-16 01:19:43 - root - INFO - 99 - Requesting http://api.openweathermap.org/geo/1.0/direct?q=Göttingen?session=ee908e88-9032-4f71-9f40-c9ef5065e0ed&limit=3&appid=f7a540b3c1586c4892831781df660bb1
2026-01-16 01:19:43 - root - ERROR - 109 - Exception getting coordinates for Göttingen?session=ee908e88-9032-4f71-9f40-c9ef5065e0ed list index out of range
2026-01-16 01:21:29 - uvicorn.error - WARNING - 54 - WatchFiles detected changes in 'app.py'. Reloading...
2026-01-16 01:21:34 - root - INFO - 101 - Requesting http://api.openweathermap.org/geo/1.0/direct?q=Göttingen?session=605f9eb3-bac4-4ec8-8bd8-38b9652d1b23&limit=3&appid=f7a540b3c1586c4892831781df660bb1
2026-01-16 01:21:35 - root - ERROR - 111 - Exception getting coordinates for Göttingen?session=605f9eb3-bac4-4ec8-8bd8-38b9652d1b23 list index out of range
2026-01-16 01:21:44 - uvicorn.error - WARNING - 54 - WatchFiles detected changes in 'app.py'. Reloading...
2026-01-16 01:21:52 - uvicorn.error - WARNING - 54 - WatchFiles detected changes in 'app.py'. Reloading...
2026-01-16 01:21:58 - root - INFO - 101 - Requesting http://api.openweathermap.org/geo/1.0/direct?q=Göttingen?session=1d218f06-02d0-4fc7-8833-54c9af6983e7&limit=3&appid=f7a540b3c1586c4892831781df660bb1
2026-01-16 01:21:58 - root - ERROR - 111 - Exception getting coordinates for Göttingen?session=1d218f06-02d0-4fc7-8833-54c9af6983e7 list index out of range
2026-01-16 01:22:06 - uvicorn.error - WARNING - 54 - WatchFiles detected changes in 'app.py'. Reloading...
2026-01-16 01:23:21 - uvicorn.error - WARNING - 54 - WatchFiles detected changes in 'app.py'. Reloading...
2026-01-16 01:23:27 - root - INFO - 104 - Requesting http://api.openweathermap.org/geo/1.0/direct?q=Göttingen?session=5e7dc928-24bb-4e1f-ad6c-5ddee1092efb&limit=3&appid=f7a540b3c1586c4892831781df660bb1
2026-01-16 01:23:27 - root - ERROR - 114 - Exception getting coordinates for Göttingen?session=5e7dc928-24bb-4e1f-ad6c-5ddee1092efb list index out of range
2026-01-16 01:23:34 - uvicorn.error - WARNING - 54 - WatchFiles detected changes in 'app.py'. Reloading...
2026-01-16 01:24:12 - root - INFO - 104 - Requesting http://api.openweathermap.org/geo/1.0/direct?q=Berlin?session=3846812e-2ad8-4fe3-9632-0b539776a724&limit=3&appid=f7a540b3c1586c4892831781df660bb1
2026-01-16 01:24:12 - root - ERROR - 114 - Exception getting coordinates for Berlin?session=3846812e-2ad8-4fe3-9632-0b539776a724 list index out of range
2026-01-16 01:25:07 - root - INFO - 104 - Requesting http://api.openweathermap.org/geo/1.0/direct?q=Berlin&limit=3&appid=f7a540b3c1586c4892831781df660bb1
2026-01-16 01:25:07 - root - INFO - 117 - Got coordinates for Berlin as Berlin: Longitude: 13.3888599, Latitude: 52.5170365
2026-01-16 01:27:19 - uvicorn.error - WARNING - 54 - WatchFiles detected changes in 'app.py'. Reloading...
2026-01-16 01:27:30 - uvicorn.error - WARNING - 54 - WatchFiles detected changes in 'app.py'. Reloading...
2026-01-16 01:27:43 - root - INFO - 104 - Requesting http://api.openweathermap.org/geo/1.0/direct?q=Göttingen&limit=3&appid=f7a540b3c1586c4892831781df660bb1
2026-01-16 01:27:43 - root - INFO - 117 - Got coordinates for Göttingen as Göttingen: Longitude: 9.9351811, Latitude: 51.5328328
2026-01-16 01:27:45 - uvicorn.error - WARNING - 54 - WatchFiles detected changes in 'app.py'. Reloading...
2026-01-16 01:29:31 - uvicorn.error - WARNING - 54 - WatchFiles detected changes in 'app.py'. Reloading...
2026-01-16 01:29:44 - uvicorn.error - WARNING - 54 - WatchFiles detected changes in 'app.py'. Reloading...
2026-01-16 01:29:52 - root - INFO - 104 - Requesting http://api.openweathermap.org/geo/1.0/direct?q=Göttingen&limit=3&appid=f7a540b3c1586c4892831781df660bb1
2026-01-16 01:29:52 - root - INFO - 117 - Got coordinates for Göttingen as Göttingen: Longitude: 9.9351811, Latitude: 51.5328328
2026-01-16 01:35:00 - uvicorn.error - WARNING - 54 - WatchFiles detected changes in 'app.py'. Reloading...
2026-01-16 01:35:13 - uvicorn.error - WARNING - 54 - WatchFiles detected changes in 'app.py'. Reloading...
2026-01-16 01:35:28 - root - INFO - 104 - Requesting http://api.openweathermap.org/geo/1.0/direct?q=Berlin&limit=3&appid=f7a540b3c1586c4892831781df660bb1
2026-01-16 01:35:28 - root - INFO - 117 - Got coordinates for Berlin as Berlin: Longitude: 13.3888599, Latitude: 52.5170365
2026-01-16 01:36:08 - uvicorn.error - WARNING - 54 - WatchFiles detected changes in 'app.py'. Reloading...
2026-01-16 01:36:21 - uvicorn.error - WARNING - 54 - WatchFiles detected changes in 'app.py'. Reloading...
2026-01-16 01:38:13 - root - INFO - 104 - Requesting http://api.openweathermap.org/geo/1.0/direct?q=Berlin&limit=3&appid=f7a540b3c1586c4892831781df660bb1
2026-01-16 01:38:13 - root - INFO - 117 - Got coordinates for Berlin as Berlin: Longitude: 13.3888599, Latitude: 52.5170365
2026-01-16 01:41:02 - root - INFO - 104 - Requesting http://api.openweathermap.org/geo/1.0/direct?q=Berlin&limit=3&appid=f7a540b3c1586c4892831781df660bb1
2026-01-16 01:41:02 - root - INFO - 117 - Got coordinates for Berlin as Berlin: Longitude: 13.3888599, Latitude: 52.5170365
2026-01-16 01:45:52 - root - INFO - 104 - Requesting http://api.openweathermap.org/geo/1.0/direct?q=Göttingen&limit=3&appid=f7a540b3c1586c4892831781df660bb1
2026-01-16 01:45:52 - root - INFO - 117 - Got coordinates for Göttingen as Göttingen: Longitude: 9.9351811, Latitude: 51.5328328
2026-01-16 01:47:13 - uvicorn.error - WARNING - 54 - WatchFiles detected changes in 'app.py'. Reloading...
2026-01-16 01:47:27 - root - INFO - 104 - Requesting http://api.openweathermap.org/geo/1.0/direct?q=Berlin&limit=3&appid=f7a540b3c1586c4892831781df660bb1
2026-01-16 01:47:27 - root - INFO - 117 - Got coordinates for Berlin as Berlin: Longitude: 13.3888599, Latitude: 52.5170365
2026-01-16 01:47:27 - uvicorn.error - WARNING - 54 - WatchFiles detected changes in 'app.py'. Reloading...
2026-01-16 01:48:07 - root - INFO - 104 - Requesting http://api.openweathermap.org/geo/1.0/direct?q=Berlin&limit=3&appid=f7a540b3c1586c4892831781df660bb1
2026-01-16 01:48:07 - root - INFO - 117 - Got coordinates for Berlin as Berlin: Longitude: 13.3888599, Latitude: 52.5170365
2026-01-16 01:48:57 - uvicorn.error - WARNING - 54 - WatchFiles detected changes in 'app.py'. Reloading...
2026-01-16 01:49:00 - root - INFO - 104 - Requesting http://api.openweathermap.org/geo/1.0/direct?q=Berlin&limit=3&appid=f7a540b3c1586c4892831781df660bb1
2026-01-16 01:49:00 - root - INFO - 117 - Got coordinates for Berlin as Berlin: Longitude: 13.3888599, Latitude: 52.5170365
2026-01-16 01:49:10 - uvicorn.error - WARNING - 54 - WatchFiles detected changes in 'app.py'. Reloading...
2026-01-16 01:51:59 - root - INFO - 104 - Requesting http://api.openweathermap.org/geo/1.0/direct?q=Berlin&limit=3&appid=f7a540b3c1586c4892831781df660bb1
2026-01-16 01:51:59 - root - INFO - 117 - Got coordinates for Berlin as Berlin: Longitude: 13.3888599, Latitude: 52.5170365
2026-01-16 01:54:43 - root - INFO - 104 - Requesting http://api.openweathermap.org/geo/1.0/direct?q=Berlin&limit=3&appid=f7a540b3c1586c4892831781df660bb1
2026-01-16 01:54:43 - root - INFO - 117 - Got coordinates for Berlin as Berlin: Longitude: 13.3888599, Latitude: 52.5170365
2026-01-16 01:55:00 - root - INFO - 104 - Requesting http://api.openweathermap.org/geo/1.0/direct?q=Göttingen&limit=3&appid=f7a540b3c1586c4892831781df660bb1
2026-01-16 01:55:00 - root - INFO - 117 - Got coordinates for Göttingen as Göttingen: Longitude: 9.9351811, Latitude: 51.5328328
2026-01-16 01:56:16 - root - INFO - 104 - Requesting http://api.openweathermap.org/geo/1.0/direct?q=Berlin&limit=3&appid=f7a540b3c1586c4892831781df660bb1
2026-01-16 01:56:16 - root - INFO - 117 - Got coordinates for Berlin as Berlin: Longitude: 13.3888599, Latitude: 52.5170365
2026-01-16 01:59:10 - uvicorn.error - WARNING - 54 - WatchFiles detected changes in 'app.py'. Reloading...
2026-01-16 01:59:23 - uvicorn.error - WARNING - 54 - WatchFiles detected changes in 'app.py'. Reloading...
2026-01-16 01:59:42 - uvicorn.error - WARNING - 54 - WatchFiles detected changes in 'app.py'. Reloading...
2026-01-16 01:59:56 - uvicorn.error - WARNING - 54 - WatchFiles detected changes in 'app.py'. Reloading...
2026-01-16 02:00:13 - uvicorn.error - WARNING - 54 - WatchFiles detected changes in 'app.py'. Reloading...
2026-01-16 02:00:24 - root - INFO - 105 - Requesting http://api.openweathermap.org/geo/1.0/direct?q=Berlin&limit=3&appid=f7a540b3c1586c4892831781df660bb1
2026-01-16 02:00:24 - root - INFO - 118 - Got coordinates for Berlin as Berlin: Longitude: 13.3888599, Latitude: 52.5170365
2026-01-16 02:00:25 - root - ERROR - 88 - Failed to send weather data to database 'APIResponse' object has no attribute 'status_code'
2026-01-16 02:00:27 - uvicorn.error - WARNING - 54 - WatchFiles detected changes in 'app.py'. Reloading...
2026-01-16 02:01:16 - root - ERROR - 142 - Failed to send sentiment data to database 'APIResponse' object has no attribute 'status_code'
2026-01-16 02:03:20 - uvicorn.error - WARNING - 54 - WatchFiles detected changes in 'app.py'. Reloading...
2026-01-16 02:03:24 - root - INFO - 105 - Requesting http://api.openweathermap.org/geo/1.0/direct?q=Berlin&limit=3&appid=f7a540b3c1586c4892831781df660bb1
2026-01-16 02:03:24 - root - INFO - 118 - Got coordinates for Berlin as Berlin: Longitude: 13.3888599, Latitude: 52.5170365
2026-01-16 02:03:34 - uvicorn.error - WARNING - 54 - WatchFiles detected changes in 'app.py'. Reloading...
2026-01-16 02:03:46 - root - INFO - 105 - Requesting http://api.openweathermap.org/geo/1.0/direct?q=Berlin&limit=3&appid=f7a540b3c1586c4892831781df660bb1
2026-01-16 02:03:46 - root - INFO - 118 - Got coordinates for Berlin as Berlin: Longitude: 13.3888599, Latitude: 52.5170365
2026-01-16 02:04:15 - root - INFO - 105 - Requesting http://api.openweathermap.org/geo/1.0/direct?q=Göttingen&limit=3&appid=f7a540b3c1586c4892831781df660bb1
2026-01-16 02:04:15 - root - INFO - 118 - Got coordinates for Göttingen as Göttingen: Longitude: 9.9351811, Latitude: 51.5328328
2026-01-16 02:04:44 - uvicorn.error - WARNING - 54 - WatchFiles detected changes in 'app.py'. Reloading...
2026-01-16 02:04:57 - uvicorn.error - WARNING - 54 - WatchFiles detected changes in 'app.py'. Reloading...
2026-01-16 02:05:00 - root - INFO - 105 - Requesting http://api.openweathermap.org/geo/1.0/direct?q=Göttingen&limit=3&appid=f7a540b3c1586c4892831781df660bb1
2026-01-16 02:05:00 - root - INFO - 118 - Got coordinates for Göttingen as Göttingen: Longitude: 9.9351811, Latitude: 51.5328328
2026-01-16 02:05:39 - uvicorn.error - WARNING - 54 - WatchFiles detected changes in 'app.py'. Reloading...
2026-01-16 02:05:43 - root - INFO - 105 - Requesting http://api.openweathermap.org/geo/1.0/direct?q=Berlin&limit=3&appid=f7a540b3c1586c4892831781df660bb1
2026-01-16 02:05:43 - root - INFO - 118 - Got coordinates for Berlin as Berlin: Longitude: 13.3888599, Latitude: 52.5170365
2026-01-16 02:05:53 - uvicorn.error - WARNING - 54 - WatchFiles detected changes in 'app.py'. Reloading...
2026-01-16 02:06:49 - uvicorn.error - WARNING - 54 - WatchFiles detected changes in 'app.py'. Reloading...
2026-01-16 02:06:54 - root - INFO - 105 - Requesting http://api.openweathermap.org/geo/1.0/direct?q=Berlin&limit=3&appid=f7a540b3c1586c4892831781df660bb1
2026-01-16 02:06:54 - root - INFO - 118 - Got coordinates for Berlin as Berlin: Longitude: 13.3888599, Latitude: 52.5170365
2026-01-16 02:07:03 - uvicorn.error - WARNING - 54 - WatchFiles detected changes in 'app.py'. Reloading...
2026-01-16 02:10:27 - uvicorn.error - WARNING - 54 - WatchFiles detected changes in 'app.py'. Reloading...
2026-01-16 02:10:34 - root - INFO - 105 - Requesting http://api.openweathermap.org/geo/1.0/direct?q=Berlin&limit=3&appid=f7a540b3c1586c4892831781df660bb1
2026-01-16 02:10:34 - root - INFO - 118 - Got coordinates for Berlin as Berlin: Longitude: 13.3888599, Latitude: 52.5170365
2026-01-16 02:10:40 - uvicorn.error - WARNING - 54 - WatchFiles detected changes in 'app.py'. Reloading...
2026-01-16 02:12:06 - root - INFO - 105 - Requesting http://api.openweathermap.org/geo/1.0/direct?q=Göttingen&limit=3&appid=f7a540b3c1586c4892831781df660bb1
2026-01-16 02:12:06 - root - INFO - 118 - Got coordinates for Göttingen as Göttingen: Longitude: 9.9351811, Latitude: 51.5328328
2026-01-16 02:12:19 - root - INFO - 105 - Requesting http://api.openweathermap.org/geo/1.0/direct?q=Berlin&limit=3&appid=f7a540b3c1586c4892831781df660bb1
2026-01-16 02:12:19 - root - INFO - 118 - Got coordinates for Berlin as Berlin: Longitude: 13.3888599, Latitude: 52.5170365
2026-01-16 02:12:39 - uvicorn.error - WARNING - 54 - WatchFiles detected changes in 'app.py'. Reloading...
2026-01-16 02:12:53 - uvicorn.error - WARNING - 54 - WatchFiles detected changes in 'app.py'. Reloading...
